[debug] [2020-07-23T03:07:45.038Z] ----------------------------------------------------------------------
[debug] [2020-07-23T03:07:45.039Z] Command:       /usr/bin/node /usr/bin/firebase deploy
[debug] [2020-07-23T03:07:45.040Z] CLI Version:   8.4.0
[debug] [2020-07-23T03:07:45.040Z] Platform:      linux
[debug] [2020-07-23T03:07:45.040Z] Node Version:  v10.21.0
[debug] [2020-07-23T03:07:45.040Z] Time:          Wed Jul 22 2020 20:07:45 GMT-0700 (Pacific Daylight Time)
[debug] [2020-07-23T03:07:45.040Z] ----------------------------------------------------------------------
[debug] [2020-07-23T03:07:45.040Z] 
[debug] [2020-07-23T03:07:45.046Z] > command requires scopes: ["email","openid","https://www.googleapis.com/auth/cloudplatformprojects.readonly","https://www.googleapis.com/auth/firebase","https://www.googleapis.com/auth/cloud-platform"]
[debug] [2020-07-23T03:07:45.047Z] > authorizing via signed-in user
[debug] [2020-07-23T03:07:45.047Z] [iam] checking project august-storm-138923 for permissions ["firebase.projects.get","firebasehosting.sites.update"]
[debug] [2020-07-23T03:07:45.049Z] >>> HTTP REQUEST POST https://cloudresourcemanager.googleapis.com/v1/projects/august-storm-138923:testIamPermissions  
 {"permissions":["firebase.projects.get","firebasehosting.sites.update"]}
[debug] [2020-07-23T03:07:45.473Z] <<< HTTP RESPONSE 200 {"content-type":"application/json; charset=UTF-8","vary":"X-Origin, Referer, Origin,Accept-Encoding","date":"Thu, 23 Jul 2020 03:07:45 GMT","server":"ESF","cache-control":"private","x-xss-protection":"0","x-frame-options":"SAMEORIGIN","x-content-type-options":"nosniff","server-timing":"gfet4t7; dur=179","alt-svc":"h3-29=\":443\"; ma=2592000,h3-27=\":443\"; ma=2592000,h3-25=\":443\"; ma=2592000,h3-T050=\":443\"; ma=2592000,h3-Q050=\":443\"; ma=2592000,h3-Q046=\":443\"; ma=2592000,h3-Q043=\":443\"; ma=2592000,quic=\":443\"; ma=2592000; v=\"46,43\"","accept-ranges":"none","transfer-encoding":"chunked"}
[debug] [2020-07-23T03:07:45.477Z] >>> HTTP REQUEST GET https://firebase.googleapis.com/v1beta1/projects/august-storm-138923  
 
[debug] [2020-07-23T03:07:45.853Z] <<< HTTP RESPONSE 200 {"content-type":"application/json; charset=UTF-8","vary":"X-Origin, Referer, Origin,Accept-Encoding","date":"Thu, 23 Jul 2020 03:07:45 GMT","server":"ESF","cache-control":"private","x-xss-protection":"0","x-frame-options":"SAMEORIGIN","x-content-type-options":"nosniff","alt-svc":"h3-29=\":443\"; ma=2592000,h3-27=\":443\"; ma=2592000,h3-T050=\":443\"; ma=2592000,h3-Q050=\":443\"; ma=2592000,h3-Q046=\":443\"; ma=2592000,h3-Q043=\":443\"; ma=2592000,quic=\":443\"; ma=2592000; v=\"46,43\"","accept-ranges":"none","transfer-encoding":"chunked"}
[info] 
[info] === Deploying to 'august-storm-138923'...
[info] 
[info] i  deploying hosting 
[debug] [2020-07-23T03:07:45.858Z] >>> HTTP REQUEST POST https://firebasehosting.googleapis.com/v1beta1/sites/august-storm-138923/versions  
 {"config":{"rewrites":[{"glob":"**","path":"/index.html"}]},"labels":{"deployment-tool":"cli-firebase"}}
[debug] [2020-07-23T03:07:46.756Z] <<< HTTP RESPONSE 200 {"content-type":"application/json; charset=UTF-8","vary":"X-Origin, Referer, Origin,Accept-Encoding","date":"Thu, 23 Jul 2020 03:07:46 GMT","server":"ESF","cache-control":"private","x-xss-protection":"0","x-frame-options":"SAMEORIGIN","x-content-type-options":"nosniff","alt-svc":"h3-29=\":443\"; ma=2592000,h3-27=\":443\"; ma=2592000,h3-25=\":443\"; ma=2592000,h3-T050=\":443\"; ma=2592000,h3-Q050=\":443\"; ma=2592000,h3-Q046=\":443\"; ma=2592000,h3-Q043=\":443\"; ma=2592000,quic=\":443\"; ma=2592000; v=\"46,43\"","accept-ranges":"none","transfer-encoding":"chunked"}
[info] i  hosting[august-storm-138923]: beginning deploy... 
[info] i  hosting[august-storm-138923]: found 29 files in build 
[debug] [2020-07-23T03:07:46.788Z] [hosting] hash cache [YnVpbGQ] stored for 29 files
[debug] [2020-07-23T03:07:46.788Z] [hosting][hash queue][FINAL] {"max":5,"min":2,"avg":2,"active":0,"complete":29,"success":29,"errored":0,"retried":0,"total":29,"elapsed":10}
[debug] [2020-07-23T03:07:46.789Z] >>> HTTP REQUEST POST https://firebasehosting.googleapis.com/v1beta1/sites/august-storm-138923/versions/7060ba4ecff16c6d:populateFiles  
 <request body omitted>
[debug] [2020-07-23T03:07:47.289Z] <<< HTTP RESPONSE 200 {"content-type":"application/json; charset=UTF-8","vary":"X-Origin, Referer, Origin,Accept-Encoding","date":"Thu, 23 Jul 2020 03:07:47 GMT","server":"ESF","cache-control":"private","x-xss-protection":"0","x-frame-options":"SAMEORIGIN","x-content-type-options":"nosniff","alt-svc":"h3-29=\":443\"; ma=2592000,h3-27=\":443\"; ma=2592000,h3-25=\":443\"; ma=2592000,h3-T050=\":443\"; ma=2592000,h3-Q050=\":443\"; ma=2592000,h3-Q046=\":443\"; ma=2592000,h3-Q043=\":443\"; ma=2592000,quic=\":443\"; ma=2592000; v=\"46,43\"","accept-ranges":"none","transfer-encoding":"chunked"}
[debug] [2020-07-23T03:07:47.289Z] [hosting][populate queue][FINAL] {"max":506,"min":506,"avg":506,"active":0,"complete":1,"success":1,"errored":0,"retried":0,"total":1,"elapsed":506}
[debug] [2020-07-23T03:07:47.289Z] [hosting] uploads queued: 0
[debug] [2020-07-23T03:07:47.289Z] [hosting][upload queue][FINAL] {"max":0,"min":9999999999,"avg":0,"active":0,"complete":0,"success":0,"errored":0,"retried":0,"total":0,"elapsed":1595473667289}
[info] ✔  hosting[august-storm-138923]: file upload complete 
[debug] [2020-07-23T03:07:47.292Z] [hosting] deploy completed after 533ms
[debug] [2020-07-23T03:07:47.656Z] [
  {
    "config": {
      "public": "build",
      "ignore": [
        "firebase.json",
        "**/.*",
        "**/node_modules/**"
      ],
      "rewrites": [
        {
          "source": "**",
          "destination": "/index.html"
        }
      ],
      "site": "august-storm-138923"
    },
    "site": "august-storm-138923",
    "version": "sites/august-storm-138923/versions/7060ba4ecff16c6d"
  }
]
[info] i  hosting[august-storm-138923]: finalizing version... 
[debug] [2020-07-23T03:07:47.658Z] >>> HTTP REQUEST PATCH https://firebasehosting.googleapis.com/v1beta1/sites/august-storm-138923/versions/7060ba4ecff16c6d?updateMask=status  
 {"status":"FINALIZED"}
[debug] [2020-07-23T03:07:48.078Z] <<< HTTP RESPONSE 200 {"content-type":"application/json; charset=UTF-8","vary":"X-Origin, Referer, Origin,Accept-Encoding","date":"Thu, 23 Jul 2020 03:07:48 GMT","server":"ESF","cache-control":"private","x-xss-protection":"0","x-frame-options":"SAMEORIGIN","x-content-type-options":"nosniff","alt-svc":"h3-29=\":443\"; ma=2592000,h3-27=\":443\"; ma=2592000,h3-25=\":443\"; ma=2592000,h3-T050=\":443\"; ma=2592000,h3-Q050=\":443\"; ma=2592000,h3-Q046=\":443\"; ma=2592000,h3-Q043=\":443\"; ma=2592000,quic=\":443\"; ma=2592000; v=\"46,43\"","accept-ranges":"none","transfer-encoding":"chunked"}
[debug] [2020-07-23T03:07:48.080Z] [hosting] finalized version for august-storm-138923: {"name":"sites/august-storm-138923/versions/7060ba4ecff16c6d","status":"FINALIZED","config":{"rewrites":[{"glob":"**","path":"/index.html"}]},"labels":{"deployment-tool":"cli-firebase"},"createTime":"2020-07-23T03:07:46.341664Z","createUser":{"email":"missa3555@gmail.com"},"finalizeTime":"2020-07-23T03:07:48.046414Z","finalizeUser":{"email":"missa3555@gmail.com"}}
[info] ✔  hosting[august-storm-138923]: version finalized 
[info] i  hosting[august-storm-138923]: releasing new version... 
[debug] [2020-07-23T03:07:48.081Z] >>> HTTP REQUEST POST https://firebasehosting.googleapis.com/v1beta1/sites/august-storm-138923/releases?version_name=sites/august-storm-138923/versions/7060ba4ecff16c6d  
 {"message":null}
